This is pdfTeX, Version 3.14159265-2.6-1.40.18 (MiKTeX 2.9.6500 64-bit) (preloaded format=pdflatex 2018.1.3)  24 JUN 2020 02:00
entering extended mode
**./FYSSTK4411project2_JN.tex
(FYSSTK4411project2_JN.tex
LaTeX2e <2017-04-15>
Babel <3.15> and hyphenation patterns for 75 language(s) loaded.
(C:\Johan\Miktex\tex\latex\base\article.cls
Document Class: article 2014/09/29 v1.4h Standard LaTeX document class
(C:\Johan\Miktex\tex\latex\base\size10.clo
File: size10.clo 2014/09/29 v1.4h Standard LaTeX file (size option)
)
\c@part=\count79
\c@section=\count80
\c@subsection=\count81
\c@subsubsection=\count82
\c@paragraph=\count83
\c@subparagraph=\count84
\c@figure=\count85
\c@table=\count86
\abovecaptionskip=\skip41
\belowcaptionskip=\skip42
\bibindent=\dimen102
)
(C:\Johan\Miktex\tex\latex\geometry\geometry.sty
Package: geometry 2010/09/12 v5.6 Page Geometry

(C:\Johan\Miktex\tex\latex\graphics\keyval.sty
Package: keyval 2014/10/28 v1.15 key=value parser (DPC)
\KV@toks@=\toks14
)
(C:\Johan\Miktex\tex\generic\oberdiek\ifpdf.sty
Package: ifpdf 2017/03/15 v3.2 Provides the ifpdf switch
)
(C:\Johan\Miktex\tex\generic\oberdiek\ifvtex.sty
Package: ifvtex 2016/05/16 v1.6 Detect VTeX and its facilities (HO)
Package ifvtex Info: VTeX not detected.
)
(C:\Johan\Miktex\tex\generic\ifxetex\ifxetex.sty
Package: ifxetex 2010/09/12 v0.6 Provides ifxetex conditional
)
\Gm@cnth=\count87
\Gm@cntv=\count88
\c@Gm@tempcnt=\count89
\Gm@bindingoffset=\dimen103
\Gm@wd@mp=\dimen104
\Gm@odd@mp=\dimen105
\Gm@even@mp=\dimen106
\Gm@layoutwidth=\dimen107
\Gm@layoutheight=\dimen108
\Gm@layouthoffset=\dimen109
\Gm@layoutvoffset=\dimen110
\Gm@dimlist=\toks15

(C:\Johan\Miktex\tex\latex\geometry\geometry.cfg))
(C:\Johan\Miktex\tex\latex\idxlayout\idxlayout.sty
Package: idxlayout 2012/03/30 v0.4d Configurable index layout

(C:\Johan\Miktex\tex\latex\etoolbox\etoolbox.sty
Package: etoolbox 2017/11/22 v2.5 e-TeX tools for LaTeX (JAW)
\etb@tempcnta=\count90
)
(C:\Johan\Miktex\tex\latex\oberdiek\kvoptions.sty
Package: kvoptions 2016/05/16 v3.12 Key value format for package options (HO)

(C:\Johan\Miktex\tex\generic\oberdiek\ltxcmds.sty
Package: ltxcmds 2016/05/16 v1.23 LaTeX kernel commands for general use (HO)
)
(C:\Johan\Miktex\tex\generic\oberdiek\kvsetkeys.sty
Package: kvsetkeys 2016/05/16 v1.17 Key value parser (HO)

(C:\Johan\Miktex\tex\generic\oberdiek\infwarerr.sty
Package: infwarerr 2016/05/16 v1.4 Providing info/warning/error messages (HO)
)
(C:\Johan\Miktex\tex\generic\oberdiek\etexcmds.sty
Package: etexcmds 2016/05/16 v1.6 Avoid name clashes with e-TeX commands (HO)

(C:\Johan\Miktex\tex\generic\oberdiek\ifluatex.sty
Package: ifluatex 2016/05/16 v1.4 Provides the ifluatex switch (HO)
Package ifluatex Info: LuaTeX not detected.
)
Package etexcmds Info: Could not find \expanded.
(etexcmds)             That can mean that you are not using pdfTeX 1.50 or
(etexcmds)             that some package has redefined \expanded.
(etexcmds)             In the latter case, load this package earlier.
)))
(C:\Johan\Miktex\tex\latex\tools\multicol.sty
Package: multicol 2017/04/11 v1.8q multicolumn formatting (FMi)
\c@tracingmulticols=\count91
\mult@box=\box26
\multicol@leftmargin=\dimen111
\c@unbalance=\count92
\c@collectmore=\count93
\doublecol@number=\count94
\multicoltolerance=\count95
\multicolpretolerance=\count96
\full@width=\dimen112
\page@free=\dimen113
\premulticols=\dimen114
\postmulticols=\dimen115
\multicolsep=\skip43
\multicolbaselineskip=\skip44
\partial@page=\box27
\last@line=\box28
\maxbalancingoverflow=\dimen116
\mult@rightbox=\box29
\mult@grightbox=\box30
\mult@gfirstbox=\box31
\mult@firstbox=\box32
\@tempa=\box33
\@tempa=\box34
\@tempa=\box35
\@tempa=\box36
\@tempa=\box37
\@tempa=\box38
\@tempa=\box39
\@tempa=\box40
\@tempa=\box41
\@tempa=\box42
\@tempa=\box43
\@tempa=\box44
\@tempa=\box45
\@tempa=\box46
\@tempa=\box47
\@tempa=\box48
\@tempa=\box49
\c@columnbadness=\count97
\c@finalcolumnbadness=\count98
\last@try=\dimen117
\multicolovershoot=\dimen118
\multicolundershoot=\dimen119
\mult@nat@firstbox=\box50
\colbreak@box=\box51
\mc@col@check@num=\count99
)
\c@idxcols=\count100
\indexcolsep=\skip45
\indexrule=\skip46
\ila@indentunit=\skip47
\ila@initsep=\skip48
)
(C:\Johan\Miktex\tex\latex\tocbibind\tocbibind.sty
Package: tocbibind 2010/10/13 v1.5k extra ToC listings
Package tocbibind Info: The document has section divisions on input line 50.


Package tocbibind Note: Using section or other style headings.

) (C:\Johan\Miktex\tex\latex\ltxmisc\relsize.sty
Package: relsize 2003/07/04 ver 3.1
)
(C:\Johan\Miktex\tex\latex\base\makeidx.sty
Package: makeidx 2014/09/29 v1.0m Standard LaTeX package
)
(C:\Johan\Miktex\tex\latex\graphics\color.sty
Package: color 2016/07/10 v1.1e Standard LaTeX Color (DPC)

(C:\Johan\Miktex\tex\latex\graphics-cfg\color.cfg
File: color.cfg 2016/01/02 v1.6 sample color configuration
)
Package color Info: Driver file: pdftex.def on input line 147.

(C:\Johan\Miktex\tex\latex\graphics-def\pdftex.def
File: pdftex.def 2017/06/24 v1.0g Graphics/color driver for pdftex
))
(C:\Johan\Miktex\tex\latex\setspace\setspace.sty
Package: setspace 2011/12/19 v6.7a set line spacing
)
(C:\Johan\Miktex\tex\latex\amsmath\amsmath.sty
Package: amsmath 2017/09/02 v2.17a AMS math features
\@mathmargin=\skip49

For additional information on amsmath, use the `?' option.
(C:\Johan\Miktex\tex\latex\amsmath\amstext.sty
Package: amstext 2000/06/29 v2.01 AMS text

(C:\Johan\Miktex\tex\latex\amsmath\amsgen.sty
File: amsgen.sty 1999/11/30 v2.0 generic functions
\@emptytoks=\toks16
\ex@=\dimen120
))
(C:\Johan\Miktex\tex\latex\amsmath\amsbsy.sty
Package: amsbsy 1999/11/29 v1.2d Bold Symbols
\pmbraise@=\dimen121
)
(C:\Johan\Miktex\tex\latex\amsmath\amsopn.sty
Package: amsopn 2016/03/08 v2.02 operator names
)
\inf@bad=\count101
LaTeX Info: Redefining \frac on input line 213.
\uproot@=\count102
\leftroot@=\count103
LaTeX Info: Redefining \overline on input line 375.
\classnum@=\count104
\DOTSCASE@=\count105
LaTeX Info: Redefining \ldots on input line 472.
LaTeX Info: Redefining \dots on input line 475.
LaTeX Info: Redefining \cdots on input line 596.
\Mathstrutbox@=\box52
\strutbox@=\box53
\big@size=\dimen122
LaTeX Font Info:    Redeclaring font encoding OML on input line 712.
LaTeX Font Info:    Redeclaring font encoding OMS on input line 713.
\macc@depth=\count106
\c@MaxMatrixCols=\count107
\dotsspace@=\muskip10
\c@parentequation=\count108
\dspbrk@lvl=\count109
\tag@help=\toks17
\row@=\count110
\column@=\count111
\maxfields@=\count112
\andhelp@=\toks18
\eqnshift@=\dimen123
\alignsep@=\dimen124
\tagshift@=\dimen125
\tagwidth@=\dimen126
\totwidth@=\dimen127
\lineht@=\dimen128
\@envbody=\toks19
\multlinegap=\skip50
\multlinetaggap=\skip51
\mathdisplay@stack=\toks20
LaTeX Info: Redefining \[ on input line 2817.
LaTeX Info: Redefining \] on input line 2818.
)
(C:\Johan\Miktex\tex\latex\amsfonts\amsfonts.sty
Package: amsfonts 2013/01/14 v3.01 Basic AMSFonts support
\symAMSa=\mathgroup4
\symAMSb=\mathgroup5
LaTeX Font Info:    Overwriting math alphabet `\mathfrak' in version `bold'
(Font)                  U/euf/m/n --> U/euf/b/n on input line 106.
)
(C:\Johan\Miktex\tex\latex\amsfonts\amssymb.sty
Package: amssymb 2013/01/14 v3.01 AMS font symbols
)
(C:\Johan\Miktex\tex\latex\xcolor\xcolor.sty
Package: xcolor 2016/05/11 v2.12 LaTeX color extensions (UK)

(C:\Johan\Miktex\tex\latex\graphics-cfg\color.cfg
File: color.cfg 2016/01/02 v1.6 sample color configuration
)
Package xcolor Info: Driver file: pdftex.def on input line 225.

(C:\Johan\Miktex\tex\latex\colortbl\colortbl.sty
Package: colortbl 2018/05/02 v1.0c Color table columns (DPC)

(C:\Johan\Miktex\tex\latex\tools\array.sty
Package: array 2016/10/06 v2.4d Tabular extension package (FMi)
\col@sep=\dimen129
\extrarowheight=\dimen130
\NC@list=\toks21
\extratabsurround=\skip52
\backup@length=\skip53
)
\everycr=\toks22
\minrowclearance=\skip54
)
LaTeX Info: Redefining \color on input line 709.
\rownum=\count113
Package xcolor Info: Model `cmy' substituted by `cmy0' on input line 1348.
Package xcolor Info: Model `hsb' substituted by `rgb' on input line 1352.
Package xcolor Info: Model `RGB' extended on input line 1364.
Package xcolor Info: Model `HTML' substituted by `rgb' on input line 1366.
Package xcolor Info: Model `Hsb' substituted by `hsb' on input line 1367.
Package xcolor Info: Model `tHsb' substituted by `hsb' on input line 1368.
Package xcolor Info: Model `HSB' substituted by `hsb' on input line 1369.
Package xcolor Info: Model `Gray' substituted by `gray' on input line 1370.
Package xcolor Info: Model `wave' substituted by `hsb' on input line 1371.
)
(C:\Johan\Miktex\tex\latex\tools\bm.sty
Package: bm 2017/01/16 v1.2c Bold Symbol Support (DPC/FMi)
\symboldoperators=\mathgroup6
\symboldletters=\mathgroup7
\symboldsymbols=\mathgroup8
LaTeX Font Info:    Redeclaring math alphabet \mathbf on input line 141.
LaTeX Info: Redefining \bm on input line 207.
)
(C:\Johan\Miktex\tex\latex\ltablex\ltablex.sty
Package: ltablex 2014/08/13 v1.1 Modified tabularx

(C:\Johan\Miktex\tex\latex\tools\longtable.sty
Package: longtable 2014/10/28 v4.11 Multi-page Table package (DPC)
\LTleft=\skip55
\LTright=\skip56
\LTpre=\skip57
\LTpost=\skip58
\LTchunksize=\count114
\LTcapwidth=\dimen131
\LT@head=\box54
\LT@firsthead=\box55
\LT@foot=\box56
\LT@lastfoot=\box57
\LT@cols=\count115
\LT@rows=\count116
\c@LT@tables=\count117
\c@LT@chunks=\count118
\LT@p@ftn=\toks23
)
(C:\Johan\Miktex\tex\latex\tools\tabularx.sty
Package: tabularx 2016/02/03 v2.11 `tabularx' package (DPC)
\TX@col@width=\dimen132
\TX@old@table=\dimen133
\TX@old@col=\dimen134
\TX@target=\dimen135
\TX@delta=\dimen136
\TX@cols=\count119
\TX@ftn=\toks24
))
(C:\Johan\Miktex\tex\latex\microtype\microtype.sty
Package: microtype 2018/01/14 v2.7a Micro-typographical refinements (RS)
\MT@toks=\toks25
\MT@count=\count120
LaTeX Info: Redefining \textls on input line 793.
\MT@outer@kern=\dimen137
LaTeX Info: Redefining \textmicrotypecontext on input line 1339.
\MT@listname@count=\count121

(C:\Johan\Miktex\tex\latex\microtype\microtype-pdftex.def
File: microtype-pdftex.def 2018/01/14 v2.7a Definitions specific to pdftex (RS)

LaTeX Info: Redefining \lsstyle on input line 913.
LaTeX Info: Redefining \lslig on input line 913.
\MT@outer@space=\skip59
)
Package microtype Info: Loading configuration file microtype.cfg.

(C:\Johan\Miktex\tex\latex\microtype\microtype.cfg
File: microtype.cfg 2018/01/14 v2.7a microtype main configuration file (RS)
))
(C:\Johan\Miktex\tex\latex\comment\comment.sty
\CommentStream=\write3
 Excluding comment 'comment')
(C:\Johan\Miktex\tex\latex\graphics\graphicx.sty
Package: graphicx 2017/06/01 v1.1a Enhanced LaTeX Graphics (DPC,SPQR)

(C:\Johan\Miktex\tex\latex\graphics\graphics.sty
Package: graphics 2017/06/25 v1.2c Standard LaTeX Graphics (DPC,SPQR)

(C:\Johan\Miktex\tex\latex\graphics\trig.sty
Package: trig 2016/01/03 v1.10 sin cos tan (DPC)
)
(C:\Johan\Miktex\tex\latex\graphics-cfg\graphics.cfg
File: graphics.cfg 2016/06/04 v1.11 sample graphics configuration
)
Package graphics Info: Driver file: pdftex.def on input line 99.
)
\Gin@req@height=\dimen138
\Gin@req@width=\dimen139
)
(C:\Johan\Miktex\tex\latex\fancyvrb\fancyvrb.sty
Package: fancyvrb 2008/02/07

Style option: `fancyvrb' v2.7a, with DG/SPQR fixes, and firstline=lastline fix 
<2008/02/07> (tvz)
\FV@CodeLineNo=\count122
\FV@InFile=\read1
\FV@TabBox=\box58
\c@FancyVerbLine=\count123
\FV@StepNumber=\count124
\FV@OutFile=\write4
) (C:\Johan\Miktex\tex\latex\base\fontenc.sty
Package: fontenc 2017/04/05 v2.0i Standard LaTeX package

(C:\Johan\Miktex\tex\latex\base\t1enc.def
File: t1enc.def 2017/04/05 v2.0i Standard LaTeX file
LaTeX Font Info:    Redeclaring font encoding T1 on input line 48.
))
(C:\Johan\Miktex\tex\latex\ucs\ucs.sty
Package: ucs 2013/05/11 v2.2 UCS: Unicode input support

(C:\Johan\Miktex\tex\latex\ucs\uni-global.def
File: uni-global.def 2013/05/13 UCS: Unicode global data
)
\uc@secondtry=\count125
\uc@combtoks=\toks26
\uc@combtoksb=\toks27
\uc@temptokena=\toks28
)
(C:\Johan\Miktex\tex\latex\base\inputenc.sty
Package: inputenc 2015/03/17 v1.2c Input encoding file
\inpenc@prehook=\toks29
\inpenc@posthook=\toks30

(C:\Johan\Miktex\tex\latex\ucs\utf8x.def
File: utf8x.def 2004/10/17 UCS: Input encoding UTF-8
))
(C:\Johan\Miktex\tex\latex\lm\lmodern.sty
Package: lmodern 2009/10/30 v1.6 Latin Modern Fonts
LaTeX Font Info:    Overwriting symbol font `operators' in version `normal'
(Font)                  OT1/cmr/m/n --> OT1/lmr/m/n on input line 22.
LaTeX Font Info:    Overwriting symbol font `letters' in version `normal'
(Font)                  OML/cmm/m/it --> OML/lmm/m/it on input line 23.
LaTeX Font Info:    Overwriting symbol font `symbols' in version `normal'
(Font)                  OMS/cmsy/m/n --> OMS/lmsy/m/n on input line 24.
LaTeX Font Info:    Overwriting symbol font `largesymbols' in version `normal'
(Font)                  OMX/cmex/m/n --> OMX/lmex/m/n on input line 25.
LaTeX Font Info:    Overwriting symbol font `operators' in version `bold'
(Font)                  OT1/cmr/bx/n --> OT1/lmr/bx/n on input line 26.
LaTeX Font Info:    Overwriting symbol font `letters' in version `bold'
(Font)                  OML/cmm/b/it --> OML/lmm/b/it on input line 27.
LaTeX Font Info:    Overwriting symbol font `symbols' in version `bold'
(Font)                  OMS/cmsy/b/n --> OMS/lmsy/b/n on input line 28.
LaTeX Font Info:    Overwriting symbol font `largesymbols' in version `bold'
(Font)                  OMX/cmex/m/n --> OMX/lmex/m/n on input line 29.
LaTeX Font Info:    Overwriting math alphabet `\mathbf' in version `normal'
(Font)                  OT1/cmr/bx/n --> OT1/lmr/bx/n on input line 31.
LaTeX Font Info:    Overwriting math alphabet `\mathsf' in version `normal'
(Font)                  OT1/cmss/m/n --> OT1/lmss/m/n on input line 32.
LaTeX Font Info:    Overwriting math alphabet `\mathit' in version `normal'
(Font)                  OT1/cmr/m/it --> OT1/lmr/m/it on input line 33.
LaTeX Font Info:    Overwriting math alphabet `\mathtt' in version `normal'
(Font)                  OT1/cmtt/m/n --> OT1/lmtt/m/n on input line 34.
LaTeX Font Info:    Overwriting math alphabet `\mathbf' in version `bold'
(Font)                  OT1/cmr/bx/n --> OT1/lmr/bx/n on input line 35.
LaTeX Font Info:    Overwriting math alphabet `\mathsf' in version `bold'
(Font)                  OT1/cmss/bx/n --> OT1/lmss/bx/n on input line 36.
LaTeX Font Info:    Overwriting math alphabet `\mathit' in version `bold'
(Font)                  OT1/cmr/bx/it --> OT1/lmr/bx/it on input line 37.
LaTeX Font Info:    Overwriting math alphabet `\mathtt' in version `bold'
(Font)                  OT1/cmtt/m/n --> OT1/lmtt/m/n on input line 38.
)
(C:\Johan\Miktex\tex\latex\pgfplots\pgfplotstable.sty
(C:\Johan\Miktex\tex\generic\pgfplots\pgfplots.revision.tex)
Package: pgfplotstable 2018/03/28 v1.16 Table typesetting and Pretty-printing (
1.16)

(C:\Johan\Miktex\tex\latex\pgfplots\pgfplots.sty
(C:\Johan\Miktex\tex\generic\pgfplots\pgfplots.revision.tex)
Package: pgfplots 2018/03/28 v1.16 Data Visualization (1.16)

(C:\Johan\Miktex\tex\latex\pgf\frontendlayer\tikz.sty
(C:\Johan\Miktex\tex\latex\pgf\basiclayer\pgf.sty
(C:\Johan\Miktex\tex\latex\pgf\utilities\pgfrcs.sty
(C:\Johan\Miktex\tex\generic\pgf\utilities\pgfutil-common.tex
\pgfutil@everybye=\toks31
\pgfutil@tempdima=\dimen140
\pgfutil@tempdimb=\dimen141

(C:\Johan\Miktex\tex\generic\pgf\utilities\pgfutil-common-lists.tex))
(C:\Johan\Miktex\tex\generic\pgf\utilities\pgfutil-latex.def
\pgfutil@abb=\box59

(C:\Johan\Miktex\tex\latex\ms\everyshi.sty
Package: everyshi 2001/05/15 v3.00 EveryShipout Package (MS)
))
(C:\Johan\Miktex\tex\generic\pgf\utilities\pgfrcs.code.tex
Package: pgfrcs 2015/08/07 v3.0.1a (rcs-revision 1.31)
))
Package: pgf 2015/08/07 v3.0.1a (rcs-revision 1.15)

(C:\Johan\Miktex\tex\latex\pgf\basiclayer\pgfcore.sty
(C:\Johan\Miktex\tex\latex\pgf\systemlayer\pgfsys.sty
(C:\Johan\Miktex\tex\generic\pgf\systemlayer\pgfsys.code.tex
Package: pgfsys 2014/07/09 v3.0.1a (rcs-revision 1.48)

(C:\Johan\Miktex\tex\generic\pgf\utilities\pgfkeys.code.tex
\pgfkeys@pathtoks=\toks32
\pgfkeys@temptoks=\toks33

(C:\Johan\Miktex\tex\generic\pgf\utilities\pgfkeysfiltered.code.tex
\pgfkeys@tmptoks=\toks34
))
\pgf@x=\dimen142
\pgf@y=\dimen143
\pgf@xa=\dimen144
\pgf@ya=\dimen145
\pgf@xb=\dimen146
\pgf@yb=\dimen147
\pgf@xc=\dimen148
\pgf@yc=\dimen149
\w@pgf@writea=\write5
\r@pgf@reada=\read2
\c@pgf@counta=\count126
\c@pgf@countb=\count127
\c@pgf@countc=\count128
\c@pgf@countd=\count129
\t@pgf@toka=\toks35
\t@pgf@tokb=\toks36
\t@pgf@tokc=\toks37

(C:\Johan\Miktex\tex\generic\pgf\systemlayer\pgf.cfg
File: pgf.cfg 2008/05/14  (rcs-revision 1.7)
)
Driver file for pgf: pgfsys-pdftex.def

(C:\Johan\Miktex\tex\generic\pgf\systemlayer\pgfsys-pdftex.def
File: pgfsys-pdftex.def 2014/10/11  (rcs-revision 1.35)

(C:\Johan\Miktex\tex\generic\pgf\systemlayer\pgfsys-common-pdf.def
File: pgfsys-common-pdf.def 2013/10/10  (rcs-revision 1.13)
)))
(C:\Johan\Miktex\tex\generic\pgf\systemlayer\pgfsyssoftpath.code.tex
File: pgfsyssoftpath.code.tex 2013/09/09  (rcs-revision 1.9)
\pgfsyssoftpath@smallbuffer@items=\count130
\pgfsyssoftpath@bigbuffer@items=\count131
)
(C:\Johan\Miktex\tex\generic\pgf\systemlayer\pgfsysprotocol.code.tex
File: pgfsysprotocol.code.tex 2006/10/16  (rcs-revision 1.4)
))
(C:\Johan\Miktex\tex\generic\pgf\basiclayer\pgfcore.code.tex
Package: pgfcore 2010/04/11 v3.0.1a (rcs-revision 1.7)

(C:\Johan\Miktex\tex\generic\pgf\math\pgfmath.code.tex
(C:\Johan\Miktex\tex\generic\pgf\math\pgfmathcalc.code.tex
(C:\Johan\Miktex\tex\generic\pgf\math\pgfmathutil.code.tex)
(C:\Johan\Miktex\tex\generic\pgf\math\pgfmathparser.code.tex
\pgfmath@dimen=\dimen150
\pgfmath@count=\count132
\pgfmath@box=\box60
\pgfmath@toks=\toks38
\pgfmath@stack@operand=\toks39
\pgfmath@stack@operation=\toks40
)
(C:\Johan\Miktex\tex\generic\pgf\math\pgfmathfunctions.code.tex
(C:\Johan\Miktex\tex\generic\pgf\math\pgfmathfunctions.basic.code.tex)
(C:\Johan\Miktex\tex\generic\pgf\math\pgfmathfunctions.trigonometric.code.tex)
(C:\Johan\Miktex\tex\generic\pgf\math\pgfmathfunctions.random.code.tex)
(C:\Johan\Miktex\tex\generic\pgf\math\pgfmathfunctions.comparison.code.tex)
(C:\Johan\Miktex\tex\generic\pgf\math\pgfmathfunctions.base.code.tex)
(C:\Johan\Miktex\tex\generic\pgf\math\pgfmathfunctions.round.code.tex)
(C:\Johan\Miktex\tex\generic\pgf\math\pgfmathfunctions.misc.code.tex)
(C:\Johan\Miktex\tex\generic\pgf\math\pgfmathfunctions.integerarithmetics.code.
tex))) (C:\Johan\Miktex\tex\generic\pgf\math\pgfmathfloat.code.tex
\c@pgfmathroundto@lastzeros=\count133
))
(C:\Johan\Miktex\tex\generic\pgf\basiclayer\pgfcorepoints.code.tex
File: pgfcorepoints.code.tex 2013/10/07  (rcs-revision 1.27)
\pgf@picminx=\dimen151
\pgf@picmaxx=\dimen152
\pgf@picminy=\dimen153
\pgf@picmaxy=\dimen154
\pgf@pathminx=\dimen155
\pgf@pathmaxx=\dimen156
\pgf@pathminy=\dimen157
\pgf@pathmaxy=\dimen158
\pgf@xx=\dimen159
\pgf@xy=\dimen160
\pgf@yx=\dimen161
\pgf@yy=\dimen162
\pgf@zx=\dimen163
\pgf@zy=\dimen164
)
(C:\Johan\Miktex\tex\generic\pgf\basiclayer\pgfcorepathconstruct.code.tex
File: pgfcorepathconstruct.code.tex 2013/10/07  (rcs-revision 1.29)
\pgf@path@lastx=\dimen165
\pgf@path@lasty=\dimen166
)
(C:\Johan\Miktex\tex\generic\pgf\basiclayer\pgfcorepathusage.code.tex
File: pgfcorepathusage.code.tex 2014/11/02  (rcs-revision 1.24)
\pgf@shorten@end@additional=\dimen167
\pgf@shorten@start@additional=\dimen168
)
(C:\Johan\Miktex\tex\generic\pgf\basiclayer\pgfcorescopes.code.tex
File: pgfcorescopes.code.tex 2015/05/08  (rcs-revision 1.46)
\pgfpic=\box61
\pgf@hbox=\box62
\pgf@layerbox@main=\box63
\pgf@picture@serial@count=\count134
)
(C:\Johan\Miktex\tex\generic\pgf\basiclayer\pgfcoregraphicstate.code.tex
File: pgfcoregraphicstate.code.tex 2014/11/02  (rcs-revision 1.12)
\pgflinewidth=\dimen169
)
(C:\Johan\Miktex\tex\generic\pgf\basiclayer\pgfcoretransformations.code.tex
File: pgfcoretransformations.code.tex 2015/08/07  (rcs-revision 1.20)
\pgf@pt@x=\dimen170
\pgf@pt@y=\dimen171
\pgf@pt@temp=\dimen172
)
(C:\Johan\Miktex\tex\generic\pgf\basiclayer\pgfcorequick.code.tex
File: pgfcorequick.code.tex 2008/10/09  (rcs-revision 1.3)
)
(C:\Johan\Miktex\tex\generic\pgf\basiclayer\pgfcoreobjects.code.tex
File: pgfcoreobjects.code.tex 2006/10/11  (rcs-revision 1.2)
)
(C:\Johan\Miktex\tex\generic\pgf\basiclayer\pgfcorepathprocessing.code.tex
File: pgfcorepathprocessing.code.tex 2013/09/09  (rcs-revision 1.9)
)
(C:\Johan\Miktex\tex\generic\pgf\basiclayer\pgfcorearrows.code.tex
File: pgfcorearrows.code.tex 2015/05/14  (rcs-revision 1.43)
\pgfarrowsep=\dimen173
)
(C:\Johan\Miktex\tex\generic\pgf\basiclayer\pgfcoreshade.code.tex
File: pgfcoreshade.code.tex 2013/07/15  (rcs-revision 1.15)
\pgf@max=\dimen174
\pgf@sys@shading@range@num=\count135
)
(C:\Johan\Miktex\tex\generic\pgf\basiclayer\pgfcoreimage.code.tex
File: pgfcoreimage.code.tex 2013/07/15  (rcs-revision 1.18)

(C:\Johan\Miktex\tex\generic\pgf\basiclayer\pgfcoreexternal.code.tex
File: pgfcoreexternal.code.tex 2014/07/09  (rcs-revision 1.21)
\pgfexternal@startupbox=\box64
))
(C:\Johan\Miktex\tex\generic\pgf\basiclayer\pgfcorelayers.code.tex
File: pgfcorelayers.code.tex 2013/07/18  (rcs-revision 1.7)
)
(C:\Johan\Miktex\tex\generic\pgf\basiclayer\pgfcoretransparency.code.tex
File: pgfcoretransparency.code.tex 2013/09/30  (rcs-revision 1.5)
)
(C:\Johan\Miktex\tex\generic\pgf\basiclayer\pgfcorepatterns.code.tex
File: pgfcorepatterns.code.tex 2013/11/07  (rcs-revision 1.5)
)))
(C:\Johan\Miktex\tex\generic\pgf\modules\pgfmoduleshapes.code.tex
File: pgfmoduleshapes.code.tex 2014/03/21  (rcs-revision 1.35)
\pgfnodeparttextbox=\box65
)
(C:\Johan\Miktex\tex\generic\pgf\modules\pgfmoduleplot.code.tex
File: pgfmoduleplot.code.tex 2015/08/03  (rcs-revision 1.13)
)
(C:\Johan\Miktex\tex\latex\pgf\compatibility\pgfcomp-version-0-65.sty
Package: pgfcomp-version-0-65 2007/07/03 v3.0.1a (rcs-revision 1.7)
\pgf@nodesepstart=\dimen175
\pgf@nodesepend=\dimen176
)
(C:\Johan\Miktex\tex\latex\pgf\compatibility\pgfcomp-version-1-18.sty
Package: pgfcomp-version-1-18 2007/07/23 v3.0.1a (rcs-revision 1.1)
))
(C:\Johan\Miktex\tex\latex\pgf\utilities\pgffor.sty
(C:\Johan\Miktex\tex\latex\pgf\utilities\pgfkeys.sty
(C:\Johan\Miktex\tex\generic\pgf\utilities\pgfkeys.code.tex))
(C:\Johan\Miktex\tex\latex\pgf\math\pgfmath.sty
(C:\Johan\Miktex\tex\generic\pgf\math\pgfmath.code.tex))
(C:\Johan\Miktex\tex\generic\pgf\utilities\pgffor.code.tex
Package: pgffor 2013/12/13 v3.0.1a (rcs-revision 1.25)

(C:\Johan\Miktex\tex\generic\pgf\math\pgfmath.code.tex)
\pgffor@iter=\dimen177
\pgffor@skip=\dimen178
\pgffor@stack=\toks41
\pgffor@toks=\toks42
))
(C:\Johan\Miktex\tex\generic\pgf\frontendlayer\tikz\tikz.code.tex
Package: tikz 2015/08/07 v3.0.1a (rcs-revision 1.151)

(C:\Johan\Miktex\tex\generic\pgf\libraries\pgflibraryplothandlers.code.tex
File: pgflibraryplothandlers.code.tex 2013/08/31 v3.0.1a (rcs-revision 1.20)
\pgf@plot@mark@count=\count136
\pgfplotmarksize=\dimen179
)
\tikz@lastx=\dimen180
\tikz@lasty=\dimen181
\tikz@lastxsaved=\dimen182
\tikz@lastysaved=\dimen183
\tikzleveldistance=\dimen184
\tikzsiblingdistance=\dimen185
\tikz@figbox=\box66
\tikz@figbox@bg=\box67
\tikz@tempbox=\box68
\tikz@tempbox@bg=\box69
\tikztreelevel=\count137
\tikznumberofchildren=\count138
\tikznumberofcurrentchild=\count139
\tikz@fig@count=\count140

(C:\Johan\Miktex\tex\generic\pgf\modules\pgfmodulematrix.code.tex
File: pgfmodulematrix.code.tex 2013/09/17  (rcs-revision 1.8)
\pgfmatrixcurrentrow=\count141
\pgfmatrixcurrentcolumn=\count142
\pgf@matrix@numberofcolumns=\count143
)
\tikz@expandcount=\count144

(C:\Johan\Miktex\tex\generic\pgf\frontendlayer\tikz\libraries\tikzlibrarytopath
s.code.tex
File: tikzlibrarytopaths.code.tex 2008/06/17 v3.0.1a (rcs-revision 1.2)
))) (C:\Johan\Miktex\tex\generic\pgfplots\pgfplots.code.tex
(C:\Johan\Miktex\tex\generic\pgfplots\pgfplotscore.code.tex
\t@pgfplots@toka=\toks43
\t@pgfplots@tokb=\toks44
\t@pgfplots@tokc=\toks45
\pgfplots@tmpa=\dimen186
\c@pgfplots@coordindex=\count145
\c@pgfplots@scanlineindex=\count146

(C:\Johan\Miktex\tex\generic\pgfplots\sys\pgfplotssysgeneric.code.tex))
(C:\Johan\Miktex\tex\generic\pgfplots\libs\pgfplotslibrary.code.tex)
(C:\Johan\Miktex\tex\generic\pgfplots\oldpgfcompatib\pgfplotsoldpgfsupp_loader.
code.tex (C:\Johan\Miktex\tex\generic\pgf\libraries\pgflibraryfpu.code.tex)
Package pgfplots: loading complementary arithmetics for your pgf version...

(C:\Johan\Miktex\tex\generic\pgfplots\oldpgfcompatib\pgfplotsoldpgfsupp_pgflibr
aryfpu.code.tex)
(C:\Johan\Miktex\tex\generic\pgfplots\oldpgfcompatib\pgfplotsoldpgfsupp_pgfmath
float.code.tex
\c@pgfmathroundto@lastzeros=\count147
)
(C:\Johan\Miktex\tex\generic\pgfplots\oldpgfcompatib\pgfplotsoldpgfsupp_leq.cod
e.tex)) (C:\Johan\Miktex\tex\generic\pgfplots\util\pgfplotsutil.code.tex
(C:\Johan\Miktex\tex\generic\pgfplots\liststructure\pgfplotsliststructure.code.
tex)
(C:\Johan\Miktex\tex\generic\pgfplots\liststructure\pgfplotsliststructureext.co
de.tex)
(C:\Johan\Miktex\tex\generic\pgfplots\liststructure\pgfplotsarray.code.tex
\c@pgfplotsarray@tmp=\count148
)
(C:\Johan\Miktex\tex\generic\pgfplots\liststructure\pgfplotsmatrix.code.tex)
(C:\Johan\Miktex\tex\generic\pgfplots\numtable\pgfplotstableshared.code.tex
\c@pgfplotstable@counta=\count149
\t@pgfplotstable@a=\toks46
)
(C:\Johan\Miktex\tex\generic\pgfplots\liststructure\pgfplotsdeque.code.tex)
(C:\Johan\Miktex\tex\generic\pgfplots\util\pgfplotsbinary.code.tex
(C:\Johan\Miktex\tex\generic\pgfplots\util\pgfplotsbinary.data.code.tex))
(C:\Johan\Miktex\tex\generic\pgfplots\util\pgfplotsutil.verb.code.tex)
(C:\Johan\Miktex\tex\generic\pgfplots\libs\pgflibrarypgfplots.surfshading.code.
tex
\c@pgfplotslibrarysurf@no=\count150

(C:\Johan\Miktex\tex\generic\pgfplots\sys\pgflibrarypgfplots.surfshading.pgfsys
-pdftex.def)))
(C:\Johan\Miktex\tex\generic\pgfplots\util\pgfplotscolormap.code.tex
(C:\Johan\Miktex\tex\generic\pgfplots\util\pgfplotscolor.code.tex))
(C:\Johan\Miktex\tex\generic\pgfplots\pgfplotsstackedplots.code.tex)
(C:\Johan\Miktex\tex\generic\pgfplots\pgfplotsplothandlers.code.tex
(C:\Johan\Miktex\tex\generic\pgfplots\pgfplotsmeshplothandler.code.tex
(C:\Johan\Miktex\tex\generic\pgfplots\pgfplotsmeshplotimage.code.tex)))
(C:\Johan\Miktex\tex\generic\pgfplots\pgfplots.scaling.code.tex)
(C:\Johan\Miktex\tex\generic\pgfplots\pgfplotscoordprocessing.code.tex)
(C:\Johan\Miktex\tex\generic\pgfplots\pgfplots.errorbars.code.tex)
(C:\Johan\Miktex\tex\generic\pgfplots\pgfplots.markers.code.tex)
(C:\Johan\Miktex\tex\generic\pgfplots\pgfplotsticks.code.tex)
(C:\Johan\Miktex\tex\generic\pgfplots\pgfplots.paths.code.tex)
(C:\Johan\Miktex\tex\generic\pgf\frontendlayer\tikz\libraries\tikzlibrarydecora
tions.code.tex
(C:\Johan\Miktex\tex\generic\pgf\modules\pgfmoduledecorations.code.tex
\pgfdecoratedcompleteddistance=\dimen187
\pgfdecoratedremainingdistance=\dimen188
\pgfdecoratedinputsegmentcompleteddistance=\dimen189
\pgfdecoratedinputsegmentremainingdistance=\dimen190
\pgf@decorate@distancetomove=\dimen191
\pgf@decorate@repeatstate=\count151
\pgfdecorationsegmentamplitude=\dimen192
\pgfdecorationsegmentlength=\dimen193
)
\tikz@lib@dec@box=\box70
)
(C:\Johan\Miktex\tex\generic\pgf\frontendlayer\tikz\libraries\tikzlibrarydecora
tions.pathmorphing.code.tex
(C:\Johan\Miktex\tex\generic\pgf\libraries\decorations\pgflibrarydecorations.pa
thmorphing.code.tex))
(C:\Johan\Miktex\tex\generic\pgf\frontendlayer\tikz\libraries\tikzlibrarydecora
tions.pathreplacing.code.tex
(C:\Johan\Miktex\tex\generic\pgf\libraries\decorations\pgflibrarydecorations.pa
threplacing.code.tex))
\pgfplots@numplots=\count152
\pgfplots@xmin@reg=\dimen194
\pgfplots@xmax@reg=\dimen195
\pgfplots@ymin@reg=\dimen196
\pgfplots@ymax@reg=\dimen197
\pgfplots@zmin@reg=\dimen198
\pgfplots@zmax@reg=\dimen199
)
(C:\Johan\Miktex\tex\generic\pgf\frontendlayer\tikz\libraries\tikzlibraryplotma
rks.code.tex
File: tikzlibraryplotmarks.code.tex 2008/01/09 v3.0.1a (rcs-revision 1.1)

(C:\Johan\Miktex\tex\generic\pgf\libraries\pgflibraryplotmarks.code.tex
File: pgflibraryplotmarks.code.tex 2015/08/03 v3.0.1a (rcs-revision 1.14)
)))
(C:\Johan\Miktex\tex\generic\pgfplots\numtable\pgfplotstable.code.tex
(C:\Johan\Miktex\tex\generic\pgfplots\numtable\pgfplotstable.coltype.code.tex))
) (C:\Johan\Miktex\tex\latex\booktabs\booktabs.sty
Package: booktabs 2005/04/14 v1.61803 publication quality tables
\heavyrulewidth=\dimen256
\lightrulewidth=\dimen257
\cmidrulewidth=\dimen258
\belowrulesep=\dimen259
\belowbottomsep=\dimen260
\aboverulesep=\dimen261
\abovetopsep=\dimen262
\cmidrulesep=\dimen263
\cmidrulekern=\dimen264
\defaultaddspace=\dimen265
\@cmidla=\count153
\@cmidlb=\count154
\@aboverulesep=\dimen266
\@belowrulesep=\dimen267
\@thisruleclass=\count155
\@lastruleclass=\count156
\@thisrulewidth=\dimen268
)
(C:\Johan\Miktex\tex\latex\titlesec\titlesec.sty
Package: titlesec 2016/03/21 v2.10.2 Sectioning titles
\ttl@box=\box71
\beforetitleunit=\skip60
\aftertitleunit=\skip61
\ttl@plus=\dimen269
\ttl@minus=\dimen270
\ttl@toksa=\toks47
\titlewidth=\dimen271
\titlewidthlast=\dimen272
\titlewidthfirst=\dimen273
)
(C:\Johan\Miktex\tex\latex\hyperref\hyperref.sty
Package: hyperref 2017/03/14 v6.85a Hypertext links for LaTeX

(C:\Johan\Miktex\tex\generic\oberdiek\hobsub-hyperref.sty
Package: hobsub-hyperref 2016/05/16 v1.14 Bundle oberdiek, subset hyperref (HO)


(C:\Johan\Miktex\tex\generic\oberdiek\hobsub-generic.sty
Package: hobsub-generic 2016/05/16 v1.14 Bundle oberdiek, subset generic (HO)
Package: hobsub 2016/05/16 v1.14 Construct package bundles (HO)
Package hobsub Info: Skipping package `infwarerr' (already loaded).
Package hobsub Info: Skipping package `ltxcmds' (already loaded).
Package hobsub Info: Skipping package `ifluatex' (already loaded).
Package hobsub Info: Skipping package `ifvtex' (already loaded).
Package: intcalc 2016/05/16 v1.2 Expandable calculations with integers (HO)
Package hobsub Info: Skipping package `ifpdf' (already loaded).
Package hobsub Info: Skipping package `etexcmds' (already loaded).
Package hobsub Info: Skipping package `kvsetkeys' (already loaded).
Package: kvdefinekeys 2016/05/16 v1.4 Define keys (HO)
Package: pdftexcmds 2017/03/19 v0.25 Utility functions of pdfTeX for LuaTeX (HO
)
Package pdftexcmds Info: LuaTeX not detected.
Package pdftexcmds Info: \pdf@primitive is available.
Package pdftexcmds Info: \pdf@ifprimitive is available.
Package pdftexcmds Info: \pdfdraftmode found.
Package: pdfescape 2016/05/16 v1.14 Implements pdfTeX's escape features (HO)
Package: bigintcalc 2016/05/16 v1.4 Expandable calculations on big integers (HO
)
Package: bitset 2016/05/16 v1.2 Handle bit-vector datatype (HO)
Package: uniquecounter 2016/05/16 v1.3 Provide unlimited unique counter (HO)
)
Package hobsub Info: Skipping package `hobsub' (already loaded).
Package: letltxmacro 2016/05/16 v1.5 Let assignment for LaTeX macros (HO)
Package: hopatch 2016/05/16 v1.3 Wrapper for package hooks (HO)
Package: xcolor-patch 2016/05/16 xcolor patch
Package: atveryend 2016/05/16 v1.9 Hooks at the very end of document (HO)
Package: atbegshi 2016/06/09 v1.18 At begin shipout hook (HO)
Package: refcount 2016/05/16 v3.5 Data extraction from label references (HO)
Package: hycolor 2016/05/16 v1.8 Color options for hyperref/bookmark (HO)
)
(C:\Johan\Miktex\tex\latex\oberdiek\auxhook.sty
Package: auxhook 2016/05/16 v1.4 Hooks for auxiliary files (HO)
)
\@linkdim=\dimen274
\Hy@linkcounter=\count157
\Hy@pagecounter=\count158

(C:\Johan\Miktex\tex\latex\hyperref\pd1enc.def
File: pd1enc.def 2017/03/14 v6.85a Hyperref: PDFDocEncoding definition (HO)
)
\Hy@SavedSpaceFactor=\count159

(C:\Johan\Miktex\tex\latex\00miktex\hyperref.cfg
File: hyperref.cfg 2002/06/06 v1.2 hyperref configuration of TeXLive
)
Package hyperref Info: Option `final' set `true' on input line 4374.
Package hyperref Info: Hyper figures OFF on input line 4498.
Package hyperref Info: Link nesting OFF on input line 4503.
Package hyperref Info: Hyper index ON on input line 4506.
Package hyperref Info: Plain pages OFF on input line 4513.
Package hyperref Info: Backreferencing OFF on input line 4518.
Package hyperref Info: Implicit mode ON; LaTeX internals redefined.
Package hyperref Info: Bookmarks ON on input line 4751.
\c@Hy@tempcnt=\count160

(C:\Johan\Miktex\tex\latex\url\url.sty
\Urlmuskip=\muskip11
Package: url 2013/09/16  ver 3.4  Verb mode for urls, etc.
)
LaTeX Info: Redefining \url on input line 5104.
\XeTeXLinkMargin=\dimen275
\Fld@menulength=\count161
\Field@Width=\dimen276
\Fld@charsize=\dimen277
Package hyperref Info: Hyper figures OFF on input line 6358.
Package hyperref Info: Link nesting OFF on input line 6363.
Package hyperref Info: Hyper index ON on input line 6366.
Package hyperref Info: backreferencing OFF on input line 6373.
Package hyperref Info: Link coloring OFF on input line 6378.
Package hyperref Info: Link coloring with OCG OFF on input line 6383.
Package hyperref Info: PDF/A mode OFF on input line 6388.
LaTeX Info: Redefining \ref on input line 6428.
LaTeX Info: Redefining \pageref on input line 6432.
\Hy@abspage=\count162
\c@Item=\count163
\c@Hfootnote=\count164
)

Package hyperref Message: Driver (autodetected): hpdftex.

(C:\Johan\Miktex\tex\latex\hyperref\hpdftex.def
File: hpdftex.def 2017/03/14 v6.85a Hyperref driver for pdfTeX
\Fld@listcount=\count165
\c@bookmark@seq@number=\count166

(C:\Johan\Miktex\tex\latex\oberdiek\rerunfilecheck.sty
Package: rerunfilecheck 2016/05/16 v1.8 Rerun checks for auxiliary files (HO)
Package uniquecounter Info: New unique counter `rerunfilecheck' on input line 2
82.
)
\Hy@SectionHShift=\skip62
)
\c@subsubsubsection=\count167
Package hyperref Info: Option `breaklinks' set `true' on input line 92.
Package hyperref Info: Option `colorlinks' set `true' on input line 92.
Package hyperref Info: Option `pdfmenubar' set `true' on input line 92.
Package hyperref Info: Option `pdftoolbar' set `true' on input line 92.

(C:\Johan\Miktex\tex\latex\fancyhdr\fancyhdr.sty
Package: fancyhdr 2017/06/30 v3.9a Extensive control of page headers and footer
s
\f@nch@headwidth=\skip63
\f@nch@O@elh=\skip64
\f@nch@O@erh=\skip65
\f@nch@O@olh=\skip66
\f@nch@O@orh=\skip67
\f@nch@O@elf=\skip68
\f@nch@O@erf=\skip69
\f@nch@O@olf=\skip70
\f@nch@O@orf=\skip71
)

Package Fancyhdr Warning: \fancyfoot's `E' option without twoside option is use
less on input line 101.

\@indexfile=\write6
\openout6 = `FYSSTK4411project2_JN.idx'.

Writing index file FYSSTK4411project2_JN.idx
(C:\Johan\Miktex\tex\latex\listings\listings.sty
\lst@mode=\count168
\lst@gtempboxa=\box72
\lst@token=\toks48
\lst@length=\count169
\lst@currlwidth=\dimen278
\lst@column=\count170
\lst@pos=\count171
\lst@lostspace=\dimen279
\lst@width=\dimen280
\lst@newlines=\count172
\lst@lineno=\count173
\lst@maxwidth=\dimen281

(C:\Johan\Miktex\tex\latex\listings\lstmisc.sty
File: lstmisc.sty 2015/06/04 1.6 (Carsten Heinz)
\c@lstnumber=\count174
\lst@skipnumbers=\count175
\lst@framebox=\box73
)
(C:\Johan\Miktex\tex\latex\listings\listings.cfg
File: listings.cfg 2015/06/04 1.6 listings configuration
))
Package: listings 2015/06/04 1.6 (Carsten Heinz)

(C:\Johan\Miktex\tex\latex\ulem\ulem.sty
\UL@box=\box74
\UL@hyphenbox=\box75
\UL@skip=\skip72
\UL@hook=\toks49
\UL@height=\dimen282
\UL@pe=\count176
\UL@pixel=\dimen283
\ULC@box=\box76
Package: ulem 2012/05/18
\ULdepth=\dimen284
)
(C:\Johan\Miktex\tex\latex\placeins\placeins.sty
Package: placeins 2005/04/18  v 2.2
)
(C:\Johan\Miktex\tex\latex\natbib\natbib.sty
Package: natbib 2010/09/13 8.31b (PWD, AO)
\bibhang=\skip73
\bibsep=\skip74
LaTeX Info: Redefining \cite on input line 694.
\c@NAT@ctr=\count177
)
(C:\Johan\Miktex\tex\latex\appendix\appendix.sty
Package: appendix 2009/09/02 v1.2b extra appendix facilities
\c@@pps=\count178
\c@@ppsavesec=\count179
\c@@ppsaveapp=\count180
)
(C:\Johan\Miktex\tex\latex\multirow\multirow.sty
Package: multirow 2016/11/25 v2.2 Span multiple rows of a table
\multirow@colwidth=\skip75
\multirow@cntb=\count181
\multirow@dima=\skip76
\bigstrutjot=\dimen285
)
(C:\Johan\Miktex\tex\latex\float\float.sty
Package: float 2001/11/08 v1.3d Float enhancements (AL)
\c@float@type=\count182
\float@exts=\toks50
\float@box=\box77
\@float@everytoks=\toks51
\@floatcapt=\box78
)
(C:\Johan\Miktex\tex\latex\subfig\subfig.sty
Package: subfig 2005/06/28 ver: 1.3 subfig package

(C:\Johan\Miktex\tex\latex\caption\caption.sty
Package: caption 2018/05/01 v3.3-147 Customizing captions (AR)

(C:\Johan\Miktex\tex\latex\caption\caption3.sty
Package: caption3 2018/05/27 v1.8a caption3 kernel (AR)
Package caption3 Info: TeX engine: e-TeX on input line 64.
\captionmargin=\dimen286
\captionmargin@=\dimen287
\captionwidth=\dimen288
\caption@tempdima=\dimen289
\caption@indent=\dimen290
\caption@parindent=\dimen291
\caption@hangindent=\dimen292
)
\c@ContinuedFloat=\count183
Package caption Info: float package is loaded.
Package caption Info: hyperref package is loaded.
Package caption Info: listings package is loaded.
Package caption Info: longtable package is loaded.

(C:\Johan\Miktex\tex\latex\caption\ltcaption.sty
Package: ltcaption 2013/06/09 v1.4-94 longtable captions (AR)
))
\c@KVtest=\count184
\sf@farskip=\skip77
\sf@captopadj=\dimen293
\sf@capskip=\skip78
\sf@nearskip=\skip79
\c@subfigure=\count185
\c@subfigure@save=\count186
\c@lofdepth=\count187
\c@subtable=\count188
\c@subtable@save=\count189
\c@lotdepth=\count190
\sf@top=\skip80
\sf@bottom=\skip81
)
(C:\Johan\Miktex\tex\latex\ms\ragged2e.sty
Package: ragged2e 2009/05/21 v2.1 ragged2e Package (MS)

(C:\Johan\Miktex\tex\latex\ms\everysel.sty
Package: everysel 2011/10/28 v1.2 EverySelectfont Package (MS)
)
\CenteringLeftskip=\skip82
\RaggedLeftLeftskip=\skip83
\RaggedRightLeftskip=\skip84
\CenteringRightskip=\skip85
\RaggedLeftRightskip=\skip86
\RaggedRightRightskip=\skip87
\CenteringParfillskip=\skip88
\RaggedLeftParfillskip=\skip89
\RaggedRightParfillskip=\skip90
\JustifyingParfillskip=\skip91
\CenteringParindent=\skip92
\RaggedLeftParindent=\skip93
\RaggedRightParindent=\skip94
\JustifyingParindent=\skip95
) (FYSSTK4411project2_JN.aux

LaTeX Warning: Label `eq:TWF' multiply defined.


LaTeX Warning: Label `eq:TWF' multiply defined.


LaTeX Warning: Label `eq:TWF' multiply defined.


LaTeX Warning: Label `eq:Appendix2_grad_b' multiply defined.


LaTeX Warning: Label `APP_3' multiply defined.

)
\openout1 = `FYSSTK4411project2_JN.aux'.

LaTeX Font Info:    Checking defaults for OML/cmm/m/it on input line 152.
LaTeX Font Info:    ... okay on input line 152.
LaTeX Font Info:    Checking defaults for T1/cmr/m/n on input line 152.
LaTeX Font Info:    ... okay on input line 152.
LaTeX Font Info:    Checking defaults for OT1/cmr/m/n on input line 152.
LaTeX Font Info:    ... okay on input line 152.
LaTeX Font Info:    Checking defaults for OMS/cmsy/m/n on input line 152.
LaTeX Font Info:    ... okay on input line 152.
LaTeX Font Info:    Checking defaults for OMX/cmex/m/n on input line 152.
LaTeX Font Info:    ... okay on input line 152.
LaTeX Font Info:    Checking defaults for U/cmr/m/n on input line 152.
LaTeX Font Info:    ... okay on input line 152.
LaTeX Font Info:    Checking defaults for PD1/pdf/m/n on input line 152.
LaTeX Font Info:    ... okay on input line 152.
LaTeX Font Info:    Try loading font information for T1+lmr on input line 152.
 (C:\Johan\Miktex\tex\latex\lm\t1lmr.fd
File: t1lmr.fd 2009/10/30 v1.6 Font defs for Latin Modern
)
*geometry* driver: auto-detecting
*geometry* detected driver: pdftex
*geometry* verbose mode - [ preamble ] result:
* driver: pdftex
* paper: a4paper
* layout: <same size as paper>
* layoutoffset:(h,v)=(0.0pt,0.0pt)
* modes: 
* h-part:(L,W,R)=(81.94394pt, 433.62pt, 81.94394pt)
* v-part:(T,H,B)=(106.75473pt, 578.15999pt, 160.13213pt)
* \paperwidth=597.50787pt
* \paperheight=845.04684pt
* \textwidth=433.62pt
* \textheight=578.15999pt
* \oddsidemargin=9.67395pt
* \evensidemargin=9.67395pt
* \topmargin=-2.51526pt
* \headheight=12.0pt
* \headsep=25.0pt
* \topskip=10.0pt
* \footskip=30.0pt
* \marginparwidth=65.0pt
* \marginparsep=11.0pt
* \columnsep=10.0pt
* \skip\footins=9.0pt plus 4.0pt minus 2.0pt
* \hoffset=0.0pt
* \voffset=0.0pt
* \mag=1000
* \@twocolumnfalse
* \@twosidefalse
* \@mparswitchfalse
* \@reversemarginfalse
* (1in=72.27pt=25.4mm, 1cm=28.453pt)

(C:\Johan\Miktex\tex\context\base\supp-pdf.mkii
[Loading MPS to PDF converter (version 2006.09.02).]
\scratchcounter=\count191
\scratchdimen=\dimen294
\scratchbox=\box79
\nofMPsegments=\count192
\nofMParguments=\count193
\everyMPshowfont=\toks52
\MPscratchCnt=\count194
\MPscratchDim=\dimen295
\MPnumerator=\count195
\makeMPintoPDFobject=\count196
\everyMPtoPDFconversion=\toks53
) (C:\Johan\Miktex\tex\latex\oberdiek\epstopdf-base.sty
Package: epstopdf-base 2016/05/15 v2.6 Base part for package epstopdf

(C:\Johan\Miktex\tex\latex\oberdiek\grfext.sty
Package: grfext 2016/05/16 v1.2 Manage graphics extensions (HO)
)
Package epstopdf-base Info: Redefining graphics rule for `.eps' on input line 4
38.
Package grfext Info: Graphics extension search list:
(grfext)             [.pdf,.png,.jpg,.mps,.jpeg,.jbig2,.jb2,.PDF,.PNG,.JPG,.JPE
G,.JBIG2,.JB2,.eps]
(grfext)             \AppendGraphicsExtensions on input line 456.
)
LaTeX Info: Redefining \microtypecontext on input line 152.
Package microtype Info: Generating PDF output.
Package microtype Info: Character protrusion enabled (level 2).
Package microtype Info: Using default protrusion set `alltext'.
Package microtype Info: Automatic font expansion enabled (level 2),
(microtype)             stretch: 20, shrink: 20, step: 1, non-selected.
Package microtype Info: Using default expansion set `basictext'.
Package microtype Info: No adjustment of tracking.
Package microtype Info: No adjustment of interword spacing.
Package microtype Info: No adjustment of character kerning.

(C:\Johan\Miktex\tex\latex\microtype\mt-cmr.cfg
File: mt-cmr.cfg 2013/05/19 v2.2 microtype config. file: Computer Modern Roman 
(RS)
)
(C:\Johan\Miktex\tex\latex\ucs\ucsencs.def
File: ucsencs.def 2011/01/21 Fixes to fontencodings LGR, T3
)
ABD: EveryShipout initializing macros

Package pgfplots Warning: running in backwards compatibility mode (unsuitable t
ick labels; missing features). Consider writing \pgfplotsset{compat=1.16} into 
your preamble.
 on input line 152.

\AtBeginShipoutBox=\box80
Package hyperref Info: Link coloring ON on input line 152.
(C:\Johan\Miktex\tex\latex\hyperref\nameref.sty
Package: nameref 2016/05/21 v2.44 Cross-referencing by name of section

(C:\Johan\Miktex\tex\generic\oberdiek\gettitlestring.sty
Package: gettitlestring 2016/05/16 v1.5 Cleanup title references (HO)
)
\c@section@level=\count197
)
LaTeX Info: Redefining \ref on input line 152.
LaTeX Info: Redefining \pageref on input line 152.
LaTeX Info: Redefining \nameref on input line 152.

(FYSSTK4411project2_JN.out) (FYSSTK4411project2_JN.out)
\@outlinefile=\write7
\openout7 = `FYSSTK4411project2_JN.out'.

\c@lstlisting=\count198
Package caption Info: Begin \AtBeginDocument code.
Package caption Info: subfig package v1.3 is loaded.
Package caption Info: End \AtBeginDocument code.

ABD: EverySelectfont initializing macros
LaTeX Info: Redefining \selectfont on input line 152.
 [1

{C:/Users/Johan/AppData/Local/MiKTeX/2.9/pdftex/config/pdftex.map}] [2]
LaTeX Font Info:    Try loading font information for T1+lmtt on input line 209.

 (C:\Johan\Miktex\tex\latex\lm\t1lmtt.fd
File: t1lmtt.fd 2009/10/30 v1.6 Font defs for Latin Modern
)
Package microtype Info: Loading generic protrusion settings for font family
(microtype)             `lmtt' (encoding: T1).
(microtype)             For optimal results, create family-specific settings.
(microtype)             See the microtype manual for details.
LaTeX Font Info:    Try loading font information for OT1+lmr on input line 209.


(C:\Johan\Miktex\tex\latex\lm\ot1lmr.fd
File: ot1lmr.fd 2009/10/30 v1.6 Font defs for Latin Modern
)
LaTeX Font Info:    Try loading font information for OML+lmm on input line 209.


(C:\Johan\Miktex\tex\latex\lm\omllmm.fd
File: omllmm.fd 2009/10/30 v1.6 Font defs for Latin Modern
)
LaTeX Font Info:    Try loading font information for OMS+lmsy on input line 209
.

(C:\Johan\Miktex\tex\latex\lm\omslmsy.fd
File: omslmsy.fd 2009/10/30 v1.6 Font defs for Latin Modern
)
LaTeX Font Info:    Try loading font information for OMX+lmex on input line 209
.

(C:\Johan\Miktex\tex\latex\lm\omxlmex.fd
File: omxlmex.fd 2009/10/30 v1.6 Font defs for Latin Modern
)
LaTeX Font Info:    External font `lmex10' loaded for size
(Font)              <10> on input line 209.
LaTeX Font Info:    External font `lmex10' loaded for size
(Font)              <7> on input line 209.
LaTeX Font Info:    External font `lmex10' loaded for size
(Font)              <5> on input line 209.
LaTeX Font Info:    Try loading font information for U+msa on input line 209.

(C:\Johan\Miktex\tex\latex\amsfonts\umsa.fd
File: umsa.fd 2013/01/14 v3.01 AMS symbols A
)
(C:\Johan\Miktex\tex\latex\microtype\mt-msa.cfg
File: mt-msa.cfg 2006/02/04 v1.1 microtype config. file: AMS symbols (a) (RS)
)
LaTeX Font Info:    Try loading font information for U+msb on input line 209.

(C:\Johan\Miktex\tex\latex\amsfonts\umsb.fd
File: umsb.fd 2013/01/14 v3.01 AMS symbols B
)
(C:\Johan\Miktex\tex\latex\microtype\mt-msb.cfg
File: mt-msb.cfg 2005/06/01 v1.0 microtype config. file: AMS symbols (b) (RS)
)
(C:\Johan\Miktex\tex\latex\ucs\uni-0.def
File: uni-0.def 2013/05/13 UCS: Unicode data U+0000..U+00FF
) [3] [4] [5]
Overfull \hbox (5.9821pt too wide) in paragraph at lines 342--343
[]\T1/lmr/m/n/10 (-20) In or-der to sam-ple $\OT1/lmr/m/n/10 (-20) 	[](\OML/cmm
/b/it/10 X\OT1/lmr/m/n/10 (-20) )$ \T1/lmr/m/n/10 (-20) s.t $\OMS/lmsy/m/n/10 j
\OT1/lmr/m/n/10 (-20) 	[](\OML/cmm/b/it/10 X\OT1/lmr/m/n/10 (-20) )\OMS/lmsy/m/
n/10 j[]$ \T1/lmr/m/n/10 (-20) can be in-ter-preted as a prob-a-bil-ity, $\OT1/
lmr/m/n/10 (-20) 	[](\OML/cmm/b/it/10 X\OT1/lmr/m/n/10 (-20) ) =
 []


Overfull \hbox (6.79999pt too wide) in paragraph at lines 364--364
 [] 
 []

[6]
<../Results/sim_0/initial_energies.pdf, id=202, pagebox=cropbox, 462.52798pt x 
346.89601pt>
File: ../Results/sim_0/initial_energies.pdf Graphic file (type pdf)
<use ../Results/sim_0/initial_energies.pdf>
Package pdftex.def Info: ../Results/sim_0/initial_energies.pdf  used on input l
ine 379. on input line 379.
Package pdftex.def Info: Requested size: 227.62204pt x 170.71628pt on input lin
e 379.
<../Results/sim_0/initial_energies_abs.pdf, id=203, pagebox=cropbox, 462.52798p
t x 346.89601pt>
File: ../Results/sim_0/initial_energies_abs.pdf Graphic file (type pdf)
<use ../Results/sim_0/initial_energies_abs.pdf>
Package pdftex.def Info: ../Results/sim_0/initial_energies_abs.pdf  used on inp
ut line 380. on input line 380.
Package pdftex.def Info: Requested size: 227.62204pt x 170.71628pt on input lin
e 380.

Overfull \hbox (21.62408pt too wide) in paragraph at lines 379--381
 [][][][] 
 []

[7]

LaTeX Warning: Hyper reference `APP_4' on page 8 undefined on input line 385.

(FYSSTK4411project2_JN.bbl [8 <../Results/sim_0/initial_energies.pdf> <../Resul
ts/sim_0/initial_energies_abs.pdf

pdfTeX warning: pdflatex (file ../Results/sim_0/initial_energies_abs.pdf): PDF 
inclusion: multiple pdfs with page group included in a single page
>]) [9] [10]
LaTeX Font Info:    External font `lmex10' loaded for size
(Font)              <12> on input line 545.
LaTeX Font Info:    External font `lmex10' loaded for size
(Font)              <8> on input line 545.
LaTeX Font Info:    External font `lmex10' loaded for size
(Font)              <6> on input line 545.


Package hyperref Warning: Token not allowed in a PDF string (PDFDocEncoding):
(hyperref)                removing `math shift' on input line 545.


Package hyperref Warning: Token not allowed in a PDF string (PDFDocEncoding):
(hyperref)                removing `math shift' on input line 545.


Package hyperref Warning: Token not allowed in a PDF string (PDFDocEncoding):
(hyperref)                removing `math shift' on input line 545.


Package hyperref Warning: Token not allowed in a PDF string (PDFDocEncoding):
(hyperref)                removing `\Delta' on input line 545.


Package hyperref Warning: Token not allowed in a PDF string (PDFDocEncoding):
(hyperref)                removing `math shift' on input line 545.

<../Results/sim_2/error.pdf, id=298, pagebox=cropbox, 462.52798pt x 346.89601pt
>
File: ../Results/sim_2/error.pdf Graphic file (type pdf)
<use ../Results/sim_2/error.pdf>
Package pdftex.def Info: ../Results/sim_2/error.pdf  used on input line 550. on
 input line 550.
Package pdftex.def Info: Requested size: 277.51892pt x 208.1392pt on input line
 550.
<../Results/sim_3/error.pdf, id=299, pagebox=cropbox, 462.52798pt x 346.89601pt
>
File: ../Results/sim_3/error.pdf Graphic file (type pdf)
<use ../Results/sim_3/error.pdf>
Package pdftex.def Info: ../Results/sim_3/error.pdf  used on input line 557. on
 input line 557.
Package pdftex.def Info: Requested size: 277.51892pt x 208.1392pt on input line
 557.

LaTeX Warning: `!h' float specifier changed to `!ht'.


Package hyperref Warning: Token not allowed in a PDF string (PDFDocEncoding):
(hyperref)                removing `math shift' on input line 562.


Package hyperref Warning: Token not allowed in a PDF string (PDFDocEncoding):
(hyperref)                removing `\eta' on input line 562.


Package hyperref Warning: Token not allowed in a PDF string (PDFDocEncoding):
(hyperref)                removing `math shift' on input line 562.

<../Results/sim_4/BF_eta.pdf, id=300, pagebox=cropbox, 462.52798pt x 346.89601p
t>
File: ../Results/sim_4/BF_eta.pdf Graphic file (type pdf)
<use ../Results/sim_4/BF_eta.pdf>
Package pdftex.def Info: ../Results/sim_4/BF_eta.pdf  used on input line 565. o
n input line 565.
Package pdftex.def Info: Requested size: 277.51892pt x 208.1392pt on input line
 565.

LaTeX Warning: `!h' float specifier changed to `!ht'.

<../Results/sim_4/IS_eta.pdf, id=301, pagebox=cropbox, 462.52798pt x 346.89601p
t>
File: ../Results/sim_4/IS_eta.pdf Graphic file (type pdf)
<use ../Results/sim_4/IS_eta.pdf>
Package pdftex.def Info: ../Results/sim_4/IS_eta.pdf  used on input line 572. o
n input line 572.
Package pdftex.def Info: Requested size: 277.51892pt x 208.1392pt on input line
 572.

LaTeX Warning: `!h' float specifier changed to `!ht'.

[11 <../Results/sim_2/error.pdf>]
Package atveryend Info: Empty hook `BeforeClearDocument' on input line 578.
 [12 <../Results/sim_3/error.pdf> <../Results/sim_4/BF_eta.pdf

pdfTeX warning: pdflatex (file ../Results/sim_4/BF_eta.pdf): PDF inclusion: mul
tiple pdfs with page group included in a single page
>] [13 <../Results/sim_4/IS_eta.pdf>]
Package atveryend Info: Empty hook `AfterLastShipout' on input line 578.
 (FYSSTK4411project2_JN.aux)
Package atveryend Info: Executing hook `AtVeryEndDocument' on input line 578.


 *File List*
 article.cls    2014/09/29 v1.4h Standard LaTeX document class
  size10.clo    2014/09/29 v1.4h Standard LaTeX file (size option)
geometry.sty    2010/09/12 v5.6 Page Geometry
  keyval.sty    2014/10/28 v1.15 key=value parser (DPC)
   ifpdf.sty    2017/03/15 v3.2 Provides the ifpdf switch
  ifvtex.sty    2016/05/16 v1.6 Detect VTeX and its facilities (HO)
 ifxetex.sty    2010/09/12 v0.6 Provides ifxetex conditional
geometry.cfg
idxlayout.sty    2012/03/30 v0.4d Configurable index layout
etoolbox.sty    2017/11/22 v2.5 e-TeX tools for LaTeX (JAW)
kvoptions.sty    2016/05/16 v3.12 Key value format for package options (HO)
 ltxcmds.sty    2016/05/16 v1.23 LaTeX kernel commands for general use (HO)
kvsetkeys.sty    2016/05/16 v1.17 Key value parser (HO)
infwarerr.sty    2016/05/16 v1.4 Providing info/warning/error messages (HO)
etexcmds.sty    2016/05/16 v1.6 Avoid name clashes with e-TeX commands (HO)
ifluatex.sty    2016/05/16 v1.4 Provides the ifluatex switch (HO)
multicol.sty    2017/04/11 v1.8q multicolumn formatting (FMi)
tocbibind.sty    2010/10/13 v1.5k extra ToC listings
 relsize.sty    2003/07/04 ver 3.1
 makeidx.sty    2014/09/29 v1.0m Standard LaTeX package
   color.sty    1999/02/16
   color.cfg    2016/01/02 v1.6 sample color configuration
  pdftex.def    2017/06/24 v1.0g Graphics/color driver for pdftex
setspace.sty    2011/12/19 v6.7a set line spacing
 amsmath.sty    2017/09/02 v2.17a AMS math features
 amstext.sty    2000/06/29 v2.01 AMS text
  amsgen.sty    1999/11/30 v2.0 generic functions
  amsbsy.sty    1999/11/29 v1.2d Bold Symbols
  amsopn.sty    2016/03/08 v2.02 operator names
amsfonts.sty    2013/01/14 v3.01 Basic AMSFonts support
 amssymb.sty    2013/01/14 v3.01 AMS font symbols
  xcolor.sty    2016/05/11 v2.12 LaTeX color extensions (UK)
   color.cfg    2016/01/02 v1.6 sample color configuration
colortbl.sty    2018/05/02 v1.0c Color table columns (DPC)
   array.sty    2016/10/06 v2.4d Tabular extension package (FMi)
      bm.sty    2017/01/16 v1.2c Bold Symbol Support (DPC/FMi)
 ltablex.sty    2014/08/13 v1.1 Modified tabularx
longtable.sty    2014/10/28 v4.11 Multi-page Table package (DPC)
tabularx.sty    2016/02/03 v2.11 `tabularx' package (DPC)
microtype.sty    2018/01/14 v2.7a Micro-typographical refinements (RS)
microtype-pdftex.def    2018/01/14 v2.7a Definitions specific to pdftex (RS)
microtype.cfg    2018/01/14 v2.7a microtype main configuration file (RS)
 comment.sty    
graphicx.sty    2017/06/01 v1.1a Enhanced LaTeX Graphics (DPC,SPQR)
graphics.sty    2017/06/25 v1.2c Standard LaTeX Graphics (DPC,SPQR)
    trig.sty    2016/01/03 v1.10 sin cos tan (DPC)
graphics.cfg    2016/06/04 v1.11 sample graphics configuration
fancyvrb.sty    2008/02/07
 fontenc.sty
   t1enc.def    2017/04/05 v2.0i Standard LaTeX file
     ucs.sty    2013/05/11 v2.2 UCS: Unicode input support
uni-global.def    2013/05/13 UCS: Unicode global data
inputenc.sty    2015/03/17 v1.2c Input encoding file
   utf8x.def    2004/10/17 UCS: Input encoding UTF-8
 lmodern.sty    2009/10/30 v1.6 Latin Modern Fonts
pgfplotstable.sty    2018/03/28 v1.16 Table typesetting and Pretty-printing (1.
16)
pgfplots.sty    2018/03/28 v1.16 Data Visualization (1.16)
    tikz.sty    2015/08/07 v3.0.1a (rcs-revision 1.151)
     pgf.sty    2015/08/07 v3.0.1a (rcs-revision 1.15)
  pgfrcs.sty    2015/08/07 v3.0.1a (rcs-revision 1.31)
everyshi.sty    2001/05/15 v3.00 EveryShipout Package (MS)
  pgfrcs.code.tex
 pgfcore.sty    2010/04/11 v3.0.1a (rcs-revision 1.7)
  pgfsys.sty    2014/07/09 v3.0.1a (rcs-revision 1.48)
  pgfsys.code.tex
pgfsyssoftpath.code.tex    2013/09/09  (rcs-revision 1.9)
pgfsysprotocol.code.tex    2006/10/16  (rcs-revision 1.4)
 pgfcore.code.tex
pgfcomp-version-0-65.sty    2007/07/03 v3.0.1a (rcs-revision 1.7)
pgfcomp-version-1-18.sty    2007/07/23 v3.0.1a (rcs-revision 1.1)
  pgffor.sty    2013/12/13 v3.0.1a (rcs-revision 1.25)
 pgfkeys.sty    
 pgfkeys.code.tex
 pgfmath.sty    
 pgfmath.code.tex
  pgffor.code.tex
    tikz.code.tex
booktabs.sty    2005/04/14 v1.61803 publication quality tables
titlesec.sty    2016/03/21 v2.10.2 Sectioning titles
hyperref.sty    2017/03/14 v6.85a Hypertext links for LaTeX
hobsub-hyperref.sty    2016/05/16 v1.14 Bundle oberdiek, subset hyperref (HO)
hobsub-generic.sty    2016/05/16 v1.14 Bundle oberdiek, subset generic (HO)
  hobsub.sty    2016/05/16 v1.14 Construct package bundles (HO)
 intcalc.sty    2016/05/16 v1.2 Expandable calculations with integers (HO)
kvdefinekeys.sty    2016/05/16 v1.4 Define keys (HO)
pdftexcmds.sty    2017/03/19 v0.25 Utility functions of pdfTeX for LuaTeX (HO)
pdfescape.sty    2016/05/16 v1.14 Implements pdfTeX's escape features (HO)
bigintcalc.sty    2016/05/16 v1.4 Expandable calculations on big integers (HO)
  bitset.sty    2016/05/16 v1.2 Handle bit-vector datatype (HO)
uniquecounter.sty    2016/05/16 v1.3 Provide unlimited unique counter (HO)
letltxmacro.sty    2016/05/16 v1.5 Let assignment for LaTeX macros (HO)
 hopatch.sty    2016/05/16 v1.3 Wrapper for package hooks (HO)
xcolor-patch.sty    2016/05/16 xcolor patch
atveryend.sty    2016/05/16 v1.9 Hooks at the very end of document (HO)
atbegshi.sty    2016/06/09 v1.18 At begin shipout hook (HO)
refcount.sty    2016/05/16 v3.5 Data extraction from label references (HO)
 hycolor.sty    2016/05/16 v1.8 Color options for hyperref/bookmark (HO)
 auxhook.sty    2016/05/16 v1.4 Hooks for auxiliary files (HO)
  pd1enc.def    2017/03/14 v6.85a Hyperref: PDFDocEncoding definition (HO)
hyperref.cfg    2002/06/06 v1.2 hyperref configuration of TeXLive
     url.sty    2013/09/16  ver 3.4  Verb mode for urls, etc.
 hpdftex.def    2017/03/14 v6.85a Hyperref driver for pdfTeX
rerunfilecheck.sty    2016/05/16 v1.8 Rerun checks for auxiliary files (HO)
fancyhdr.sty    2017/06/30 v3.9a Extensive control of page headers and footers
listings.sty    2015/06/04 1.6 (Carsten Heinz)
 lstmisc.sty    2015/06/04 1.6 (Carsten Heinz)
listings.cfg    2015/06/04 1.6 listings configuration
    ulem.sty    2012/05/18
placeins.sty    2005/04/18  v 2.2
  natbib.sty    2010/09/13 8.31b (PWD, AO)
appendix.sty    2009/09/02 v1.2b extra appendix facilities
multirow.sty    2016/11/25 v2.2 Span multiple rows of a table
   float.sty    2001/11/08 v1.3d Float enhancements (AL)
  subfig.sty    2005/06/28 ver: 1.3 subfig package
 caption.sty    2018/05/01 v3.3-147 Customizing captions (AR)
caption3.sty    2018/05/27 v1.8a caption3 kernel (AR)
ltcaption.sty    2013/06/09 v1.4-94 longtable captions (AR)
ragged2e.sty    2009/05/21 v2.1 ragged2e Package (MS)
everysel.sty    2011/10/28 v1.2 EverySelectfont Package (MS)
   t1lmr.fd    2009/10/30 v1.6 Font defs for Latin Modern
supp-pdf.mkii
epstopdf-base.sty    2016/05/15 v2.6 Base part for package epstopdf
  grfext.sty    2016/05/16 v1.2 Manage graphics extensions (HO)
  mt-cmr.cfg    2013/05/19 v2.2 microtype config. file: Computer Modern Roman (
RS)
 ucsencs.def    2011/01/21 Fixes to fontencodings LGR, T3
 nameref.sty    2016/05/21 v2.44 Cross-referencing by name of section
gettitlestring.sty    2016/05/16 v1.5 Cleanup title references (HO)
FYSSTK4411project2_JN.out
FYSSTK4411project2_JN.out
  t1lmtt.fd    2009/10/30 v1.6 Font defs for Latin Modern
  ot1lmr.fd    2009/10/30 v1.6 Font defs for Latin Modern
  omllmm.fd    2009/10/30 v1.6 Font defs for Latin Modern
 omslmsy.fd    2009/10/30 v1.6 Font defs for Latin Modern
 omxlmex.fd    2009/10/30 v1.6 Font defs for Latin Modern
    umsa.fd    2013/01/14 v3.01 AMS symbols A
  mt-msa.cfg    2006/02/04 v1.1 microtype config. file: AMS symbols (a) (RS)
    umsb.fd    2013/01/14 v3.01 AMS symbols B
  mt-msb.cfg    2005/06/01 v1.0 microtype config. file: AMS symbols (b) (RS)
   uni-0.def    2013/05/13 UCS: Unicode data U+0000..U+00FF
../Results/sim_0/initial_energies.pdf
../Results/sim_0/initial_energies_abs.pdf
FYSSTK4411project2_JN.bbl
../Results/sim_2/error.pdf
../Results/sim_3/error.pdf
../Results/sim_4/BF_eta.pdf
../Results/sim_4/IS_eta.pdf
 ***********

Package atveryend Info: Executing hook `AtEndAfterFileList' on input line 578.
Package rerunfilecheck Info: File `FYSSTK4411project2_JN.out' has not changed.
(rerunfilecheck)             Checksum: A42DC32C7FC7B88B7BBA007FC0F2C0A0;1652.

LaTeX Warning: There were undefined references.


LaTeX Warning: There were multiply-defined labels.

 ) 
Here is how much of TeX's memory you used:
 34589 strings out of 493312
 771369 string characters out of 3144112
 1002055 words of memory out of 3000000
 37293 multiletter control sequences out of 15000+200000
 109203 words of font info for 128 fonts, out of 3000000 for 9000
 1141 hyphenation exceptions out of 8191
 69i,12n,98p,1015b,609s stack positions out of 5000i,500n,10000p,200000b,50000s
{C:/Johan/Miktex/fonts/enc/dvips/lm/lm-rm.enc}{C:/Johan/Miktex/fonts/enc/dvip
s/lm/lm-mathit.enc}{C:/Johan/Miktex/fonts/enc/dvips/lm/lm-ec.enc}{C:/Johan/Mikt
ex/fonts/enc/dvips/lm/lm-mathsy.enc}{C:/Johan/Miktex/fonts/enc/dvips/lm/lm-math
ex.enc}<C:/Johan/Miktex/fonts/type1/public/amsfonts/cm/cmmib10.pfb><C:/Johan/Mi
ktex/fonts/type1/public/amsfonts/cmextra/cmmib7.pfb><C:/Johan/Miktex/fonts/type
1/public/lm/lmbx10.pfb><C:/Johan/Miktex/fonts/type1/public/lm/lmbx12.pfb><C:/Jo
han/Miktex/fonts/type1/public/lm/lmbx9.pfb><C:/Johan/Miktex/fonts/type1/public/
lm/lmbxi10.pfb><C:/Johan/Miktex/fonts/type1/public/lm/lmex10.pfb><C:/Johan/Mikt
ex/fonts/type1/public/lm/lmmi10.pfb><C:/Johan/Miktex/fonts/type1/public/lm/lmmi
12.pfb><C:/Johan/Miktex/fonts/type1/public/lm/lmmi5.pfb><C:/Johan/Miktex/fonts/
type1/public/lm/lmmi7.pfb><C:/Johan/Miktex/fonts/type1/public/lm/lmr10.pfb><C:/
Johan/Miktex/fonts/type1/public/lm/lmr12.pfb><C:/Johan/Miktex/fonts/type1/publi
c/lm/lmr17.pfb><C:/Johan/Miktex/fonts/type1/public/lm/lmr5.pfb><C:/Johan/Miktex
/fonts/type1/public/lm/lmr7.pfb><C:/Johan/Miktex/fonts/type1/public/lm/lmr8.pfb
><C:/Johan/Miktex/fonts/type1/public/lm/lmr9.pfb><C:/Johan/Miktex/fonts/type1/p
ublic/lm/lmri10.pfb><C:/Johan/Miktex/fonts/type1/public/lm/lmss12.pfb><C:/Johan
/Miktex/fonts/type1/public/lm/lmss17.pfb><C:/Johan/Miktex/fonts/type1/public/lm
/lmsy10.pfb><C:/Johan/Miktex/fonts/type1/public/lm/lmsy5.pfb><C:/Johan/Miktex/f
onts/type1/public/lm/lmsy7.pfb><C:/Johan/Miktex/fonts/type1/public/lm/lmtt10.pf
b><C:/Johan/Miktex/fonts/type1/public/amsfonts/symbols/msbm10.pfb>
Output written on FYSSTK4411project2_JN.pdf (13 pages, 1222339 bytes).
PDF statistics:
 501 PDF objects out of 1000 (max. 8388607)
 85 named destinations out of 1000 (max. 500000)
 30955 words of extra memory for PDF output out of 35830 (max. 10000000)

